<?xml version="1.0" encoding="UTF-8"?>
<testsuite xmlns:xsi="http://www.w3.org/2001/XMLSchema-instance" xsi:noNamespaceSchemaLocation="https://maven.apache.org/surefire/maven-surefire-plugin/xsd/surefire-test-report.xsd" name="testscenario.KogitoScenarioJunitActivatorTest" time="0.152" tests="2" errors="0" skipped="0" failures="0">
  <properties>
    <property name="sun.desktop" value="windows"/>
    <property name="awt.toolkit" value="sun.awt.windows.WToolkit"/>
    <property name="java.specification.version" value="11"/>
    <property name="sun.cpu.isalist" value="amd64"/>
    <property name="sun.jnu.encoding" value="Cp1252"/>
    <property name="java.class.path" value="C:\Repos\sample-kogito\target\test-classes;C:\Repos\sample-kogito\target\classes;C:\Users\benji\.m2\repository\org\springframework\boot\spring-boot-starter\2.3.1.RELEASE\spring-boot-starter-2.3.1.RELEASE.jar;C:\Users\benji\.m2\repository\org\springframework\boot\spring-boot\2.3.1.RELEASE\spring-boot-2.3.1.RELEASE.jar;C:\Users\benji\.m2\repository\org\springframework\spring-context\5.2.7.RELEASE\spring-context-5.2.7.RELEASE.jar;C:\Users\benji\.m2\repository\org\springframework\spring-aop\5.2.7.RELEASE\spring-aop-5.2.7.RELEASE.jar;C:\Users\benji\.m2\repository\org\springframework\spring-beans\5.2.7.RELEASE\spring-beans-5.2.7.RELEASE.jar;C:\Users\benji\.m2\repository\org\springframework\spring-expression\5.2.7.RELEASE\spring-expression-5.2.7.RELEASE.jar;C:\Users\benji\.m2\repository\org\springframework\boot\spring-boot-autoconfigure\2.3.1.RELEASE\spring-boot-autoconfigure-2.3.1.RELEASE.jar;C:\Users\benji\.m2\repository\org\springframework\boot\spring-boot-starter-logging\2.3.1.RELEASE\spring-boot-starter-logging-2.3.1.RELEASE.jar;C:\Users\benji\.m2\repository\ch\qos\logback\logback-classic\1.2.3\logback-classic-1.2.3.jar;C:\Users\benji\.m2\repository\ch\qos\logback\logback-core\1.2.3\logback-core-1.2.3.jar;C:\Users\benji\.m2\repository\org\apache\logging\log4j\log4j-to-slf4j\2.13.3\log4j-to-slf4j-2.13.3.jar;C:\Users\benji\.m2\repository\org\apache\logging\log4j\log4j-api\2.13.3\log4j-api-2.13.3.jar;C:\Users\benji\.m2\repository\org\slf4j\jul-to-slf4j\1.7.30\jul-to-slf4j-1.7.30.jar;C:\Users\benji\.m2\repository\jakarta\annotation\jakarta.annotation-api\1.3.5\jakarta.annotation-api-1.3.5.jar;C:\Users\benji\.m2\repository\org\springframework\spring-core\5.2.7.RELEASE\spring-core-5.2.7.RELEASE.jar;C:\Users\benji\.m2\repository\org\springframework\spring-jcl\5.2.7.RELEASE\spring-jcl-5.2.7.RELEASE.jar;C:\Users\benji\.m2\repository\org\yaml\snakeyaml\1.26\snakeyaml-1.26.jar;C:\Users\benji\.m2\repository\org\kie\kogito\kogito-springboot-starter\1.3.0.Final\kogito-springboot-starter-1.3.0.Final.jar;C:\Users\benji\.m2\repository\org\springframework\boot\spring-boot-starter-web\2.3.1.RELEASE\spring-boot-starter-web-2.3.1.RELEASE.jar;C:\Users\benji\.m2\repository\org\springframework\boot\spring-boot-starter-json\2.3.1.RELEASE\spring-boot-starter-json-2.3.1.RELEASE.jar;C:\Users\benji\.m2\repository\com\fasterxml\jackson\datatype\jackson-datatype-jdk8\2.11.0\jackson-datatype-jdk8-2.11.0.jar;C:\Users\benji\.m2\repository\com\fasterxml\jackson\datatype\jackson-datatype-jsr310\2.11.0\jackson-datatype-jsr310-2.11.0.jar;C:\Users\benji\.m2\repository\com\fasterxml\jackson\module\jackson-module-parameter-names\2.11.0\jackson-module-parameter-names-2.11.0.jar;C:\Users\benji\.m2\repository\org\springframework\boot\spring-boot-starter-tomcat\2.3.1.RELEASE\spring-boot-starter-tomcat-2.3.1.RELEASE.jar;C:\Users\benji\.m2\repository\org\apache\tomcat\embed\tomcat-embed-core\9.0.36\tomcat-embed-core-9.0.36.jar;C:\Users\benji\.m2\repository\org\glassfish\jakarta.el\3.0.3\jakarta.el-3.0.3.jar;C:\Users\benji\.m2\repository\org\apache\tomcat\embed\tomcat-embed-websocket\9.0.36\tomcat-embed-websocket-9.0.36.jar;C:\Users\benji\.m2\repository\org\springframework\spring-web\5.2.7.RELEASE\spring-web-5.2.7.RELEASE.jar;C:\Users\benji\.m2\repository\org\springframework\spring-webmvc\5.2.7.RELEASE\spring-webmvc-5.2.7.RELEASE.jar;C:\Users\benji\.m2\repository\org\kie\kogito\kogito-api\1.3.0.Final\kogito-api-1.3.0.Final.jar;C:\Users\benji\.m2\repository\org\slf4j\slf4j-api\1.7.30\slf4j-api-1.7.30.jar;C:\Users\benji\.m2\repository\com\fasterxml\jackson\core\jackson-annotations\2.11.0\jackson-annotations-2.11.0.jar;C:\Users\benji\.m2\repository\org\kie\kie-api\7.50.0.Final\kie-api-7.50.0.Final.jar;C:\Users\benji\.m2\repository\org\kie\soup\kie-soup-maven-support\7.50.0.Final\kie-soup-maven-support-7.50.0.Final.jar;C:\Users\benji\.m2\repository\org\kie\kie-dmn-api\7.50.0.Final\kie-dmn-api-7.50.0.Final.jar;C:\Users\benji\.m2\repository\org\kie\kie-dmn-model\7.50.0.Final\kie-dmn-model-7.50.0.Final.jar;C:\Users\benji\.m2\repository\org\kie\kogito\kogito-timer\1.3.0.Final\kogito-timer-1.3.0.Final.jar;C:\Users\benji\.m2\repository\org\kie\kie-pmml-evaluator-api\7.50.0.Final\kie-pmml-evaluator-api-7.50.0.Final.jar;C:\Users\benji\.m2\repository\org\kie\kie-pmml-api\7.50.0.Final\kie-pmml-api-7.50.0.Final.jar;C:\Users\benji\.m2\repository\org\kie\kie-pmml-commons\7.50.0.Final\kie-pmml-commons-7.50.0.Final.jar;C:\Users\benji\.m2\repository\org\kie\kogito\kogito-drools\1.3.0.Final\kogito-drools-1.3.0.Final.jar;C:\Users\benji\.m2\repository\org\kie\kogito\drools-core\1.3.0.Final\drools-core-1.3.0.Final.jar;C:\Users\benji\.m2\repository\org\drools\drools-core\7.50.0.Final\drools-core-7.50.0.Final.jar;C:\Users\benji\.m2\repository\org\kie\soup\kie-soup-xstream\7.50.0.Final\kie-soup-xstream-7.50.0.Final.jar;C:\Users\benji\.m2\repository\org\kie\kogito\drools-compiler\1.3.0.Final\drools-compiler-1.3.0.Final.jar;C:\Users\benji\.m2\repository\org\drools\drools-compiler\7.50.0.Final\drools-compiler-7.50.0.Final.jar;C:\Users\benji\.m2\repository\org\drools\drools-ecj\7.50.0.Final\drools-ecj-7.50.0.Final.jar;C:\Users\benji\.m2\repository\org\antlr\antlr-runtime\3.5.2\antlr-runtime-3.5.2.jar;C:\Users\benji\.m2\repository\org\kie\kogito\drools-core-static\1.3.0.Final\drools-core-static-1.3.0.Final.jar;C:\Users\benji\.m2\repository\org\drools\drools-core-reflective\7.50.0.Final\drools-core-reflective-7.50.0.Final.jar;C:\Users\benji\.m2\repository\org\kie\kogito\kogito-ruleunits\1.3.0.Final\kogito-ruleunits-1.3.0.Final.jar;C:\Users\benji\.m2\repository\org\kie\kogito\kogito-drools-model\1.3.0.Final\kogito-drools-model-1.3.0.Final.jar;C:\Users\benji\.m2\repository\org\drools\drools-model-compiler\7.50.0.Final\drools-model-compiler-7.50.0.Final.jar;C:\Users\benji\.m2\repository\org\drools\drools-canonical-model\7.50.0.Final\drools-canonical-model-7.50.0.Final.jar;C:\Users\benji\.m2\repository\org\drools\drools-mvel-parser\7.50.0.Final\drools-mvel-parser-7.50.0.Final.jar;C:\Users\benji\.m2\repository\org\drools\drools-mvel-compiler\7.50.0.Final\drools-mvel-compiler-7.50.0.Final.jar;C:\Users\benji\.m2\repository\org\kie\kogito\jbpm-flow\1.3.0.Final\jbpm-flow-1.3.0.Final.jar;C:\Users\benji\.m2\repository\org\kie\kogito\kogito-events-api\1.3.0.Final\kogito-events-api-1.3.0.Final.jar;C:\Users\benji\.m2\repository\org\reactivestreams\reactive-streams\1.0.3\reactive-streams-1.0.3.jar;C:\Users\benji\.m2\repository\org\kie\kogito\kogito-internal\1.3.0.Final\kogito-internal-1.3.0.Final.jar;C:\Users\benji\.m2\repository\org\kie\kie-internal\7.50.0.Final\kie-internal-7.50.0.Final.jar;C:\Users\benji\.m2\repository\org\kie\kogito\kogito-services\1.3.0.Final\kogito-services-1.3.0.Final.jar;C:\Users\benji\.m2\repository\org\kie\kogito\process-workitems\1.3.0.Final\process-workitems-1.3.0.Final.jar;C:\Users\benji\.m2\repository\org\drools\drools-mvel\7.50.0.Final\drools-mvel-7.50.0.Final.jar;C:\Users\benji\.m2\repository\org\kie\soup\kie-soup-project-datamodel-commons\7.50.0.Final\kie-soup-project-datamodel-commons-7.50.0.Final.jar;C:\Users\benji\.m2\repository\org\kie\soup\kie-soup-commons\7.50.0.Final\kie-soup-commons-7.50.0.Final.jar;C:\Users\benji\.m2\repository\org\kie\soup\kie-soup-project-datamodel-api\7.50.0.Final\kie-soup-project-datamodel-api-7.50.0.Final.jar;C:\Users\benji\.m2\repository\org\mvel\mvel2\2.4.12.Final\mvel2-2.4.12.Final.jar;C:\Users\benji\.m2\repository\org\kie\kogito\kogito-dmn\1.3.0.Final\kogito-dmn-1.3.0.Final.jar;C:\Users\benji\.m2\repository\com\fasterxml\jackson\core\jackson-databind\2.11.0\jackson-databind-2.11.0.jar;C:\Users\benji\.m2\repository\org\kie\kie-dmn-core\7.50.0.Final\kie-dmn-core-7.50.0.Final.jar;C:\Users\benji\.m2\repository\org\kie\kie-dmn-backend\7.50.0.Final\kie-dmn-backend-7.50.0.Final.jar;C:\Users\benji\.m2\repository\org\kie\kie-dmn-feel\7.50.0.Final\kie-dmn-feel-7.50.0.Final.jar;C:\Users\benji\.m2\repository\ch\obermuhlner\big-math\2.0.1\big-math-2.0.1.jar;C:\Users\benji\.m2\repository\org\kie\kie-memory-compiler\7.50.0.Final\kie-memory-compiler-7.50.0.Final.jar;C:\Users\benji\.m2\repository\com\github\javaparser\javaparser-core\3.13.10\javaparser-core-3.13.10.jar;C:\Users\benji\.m2\repository\org\drools\drools-alphanetwork-compiler\7.50.0.Final\drools-alphanetwork-compiler-7.50.0.Final.jar;C:\Users\benji\.m2\repository\org\antlr\antlr4-runtime\4.8\antlr4-runtime-4.8.jar;C:\Users\benji\.m2\repository\org\jpmml\pmml-model\1.5.1\pmml-model-1.5.1.jar;C:\Users\benji\.m2\repository\org\jpmml\pmml-agent\1.5.1\pmml-agent-1.5.1.jar;C:\Users\benji\.m2\repository\org\kie\kie-dmn-validation\7.50.0.Final\kie-dmn-validation-7.50.0.Final.jar;C:\Users\benji\.m2\repository\org\kie\kogito\kogito-pmml\1.3.0.Final\kogito-pmml-1.3.0.Final.jar;C:\Users\benji\.m2\repository\org\kie\kie-pmml-dependencies\7.50.0.Final\kie-pmml-dependencies-7.50.0.Final.jar;C:\Users\benji\.m2\repository\org\kie\kie-pmml-compiler-api\7.50.0.Final\kie-pmml-compiler-api-7.50.0.Final.jar;C:\Users\benji\.m2\repository\org\glassfish\jaxb\jaxb-runtime\2.3.3\jaxb-runtime-2.3.3.jar;C:\Users\benji\.m2\repository\org\glassfish\jaxb\txw2\2.3.3\txw2-2.3.3.jar;C:\Users\benji\.m2\repository\com\sun\istack\istack-commons-runtime\3.0.11\istack-commons-runtime-3.0.11.jar;C:\Users\benji\.m2\repository\com\sun\activation\jakarta.activation\1.2.2\jakarta.activation-1.2.2.jar;C:\Users\benji\.m2\repository\org\kie\kie-pmml-compiler-core\7.50.0.Final\kie-pmml-compiler-core-7.50.0.Final.jar;C:\Users\benji\.m2\repository\org\kie\kie-pmml-compiler-commons\7.50.0.Final\kie-pmml-compiler-commons-7.50.0.Final.jar;C:\Users\benji\.m2\repository\org\kie\kie-pmml-evaluator-core\7.50.0.Final\kie-pmml-evaluator-core-7.50.0.Final.jar;C:\Users\benji\.m2\repository\org\kie\kie-pmml-evaluator-assembler\7.50.0.Final\kie-pmml-evaluator-assembler-7.50.0.Final.jar;C:\Users\benji\.m2\repository\commons-io\commons-io\2.6\commons-io-2.6.jar;C:\Users\benji\.m2\repository\org\kie\kie-pmml-kie-internal\7.50.0.Final\kie-pmml-kie-internal-7.50.0.Final.jar;C:\Users\benji\.m2\repository\org\kie\kie-pmml-models-drools-common\7.50.0.Final\kie-pmml-models-drools-common-7.50.0.Final.jar;C:\Users\benji\.m2\repository\org\kie\kie-pmml-models-regression-model\7.50.0.Final\kie-pmml-models-regression-model-7.50.0.Final.jar;C:\Users\benji\.m2\repository\org\kie\kie-pmml-models-regression-compiler\7.50.0.Final\kie-pmml-models-regression-compiler-7.50.0.Final.jar;C:\Users\benji\.m2\repository\org\kie\kie-pmml-models-regression-evaluator\7.50.0.Final\kie-pmml-models-regression-evaluator-7.50.0.Final.jar;C:\Users\benji\.m2\repository\org\apache\commons\commons-math3\3.4.1\commons-math3-3.4.1.jar;C:\Users\benji\.m2\repository\org\kie\kie-pmml-models-drools-tree-model\7.50.0.Final\kie-pmml-models-drools-tree-model-7.50.0.Final.jar;C:\Users\benji\.m2\repository\org\kie\kie-pmml-models-drools-tree-compiler\7.50.0.Final\kie-pmml-models-drools-tree-compiler-7.50.0.Final.jar;C:\Users\benji\.m2\repository\org\kie\kie-pmml-models-drools-tree-evaluator\7.50.0.Final\kie-pmml-models-drools-tree-evaluator-7.50.0.Final.jar;C:\Users\benji\.m2\repository\org\kie\kie-pmml-compiler-api\7.50.0.Final\kie-pmml-compiler-api-7.50.0.Final-tests.jar;C:\Users\benji\.m2\repository\org\kie\kie-pmml-models-drools-scorecard-model\7.50.0.Final\kie-pmml-models-drools-scorecard-model-7.50.0.Final.jar;C:\Users\benji\.m2\repository\org\kie\kie-pmml-models-drools-scorecard-compiler\7.50.0.Final\kie-pmml-models-drools-scorecard-compiler-7.50.0.Final.jar;C:\Users\benji\.m2\repository\org\kie\kie-pmml-models-drools-scorecard-evaluator\7.50.0.Final\kie-pmml-models-drools-scorecard-evaluator-7.50.0.Final.jar;C:\Users\benji\.m2\repository\org\kie\kie-pmml-models-mining-model\7.50.0.Final\kie-pmml-models-mining-model-7.50.0.Final.jar;C:\Users\benji\.m2\repository\org\kie\kie-pmml-models-mining-compiler\7.50.0.Final\kie-pmml-models-mining-compiler-7.50.0.Final.jar;C:\Users\benji\.m2\repository\org\kie\kie-pmml-models-mining-evaluator\7.50.0.Final\kie-pmml-models-mining-evaluator-7.50.0.Final.jar;C:\Users\benji\.m2\repository\javax\xml\bind\jaxb-api\2.3.1\jaxb-api-2.3.1.jar;C:\Users\benji\.m2\repository\javax\activation\javax.activation-api\1.2.0\javax.activation-api-1.2.0.jar;C:\Users\benji\.m2\repository\com\sun\activation\javax.activation\1.2.0\javax.activation-1.2.0.jar;C:\Users\benji\.m2\repository\io\swagger\core\v3\swagger-annotations\2.0.6\swagger-annotations-2.0.6.jar;C:\Users\benji\.m2\repository\org\springdoc\springdoc-openapi-ui\1.5.2\springdoc-openapi-ui-1.5.2.jar;C:\Users\benji\.m2\repository\org\springdoc\springdoc-openapi-webmvc-core\1.5.2\springdoc-openapi-webmvc-core-1.5.2.jar;C:\Users\benji\.m2\repository\org\springdoc\springdoc-openapi-common\1.5.2\springdoc-openapi-common-1.5.2.jar;C:\Users\benji\.m2\repository\io\swagger\core\v3\swagger-models\2.1.6\swagger-models-2.1.6.jar;C:\Users\benji\.m2\repository\io\swagger\core\v3\swagger-integration\2.1.6\swagger-integration-2.1.6.jar;C:\Users\benji\.m2\repository\io\swagger\core\v3\swagger-core\2.1.6\swagger-core-2.1.6.jar;C:\Users\benji\.m2\repository\com\fasterxml\jackson\dataformat\jackson-dataformat-yaml\2.11.0\jackson-dataformat-yaml-2.11.0.jar;C:\Users\benji\.m2\repository\jakarta\validation\jakarta.validation-api\2.0.2\jakarta.validation-api-2.0.2.jar;C:\Users\benji\.m2\repository\io\github\classgraph\classgraph\4.8.69\classgraph-4.8.69.jar;C:\Users\benji\.m2\repository\org\webjars\swagger-ui\3.38.0\swagger-ui-3.38.0.jar;C:\Users\benji\.m2\repository\org\webjars\webjars-locator-core\0.45\webjars-locator-core-0.45.jar;C:\Users\benji\.m2\repository\com\fasterxml\jackson\core\jackson-core\2.11.0\jackson-core-2.11.0.jar;C:\Users\benji\.m2\repository\org\springframework\boot\spring-boot-starter-test\2.3.1.RELEASE\spring-boot-starter-test-2.3.1.RELEASE.jar;C:\Users\benji\.m2\repository\org\springframework\boot\spring-boot-test\2.3.1.RELEASE\spring-boot-test-2.3.1.RELEASE.jar;C:\Users\benji\.m2\repository\org\springframework\boot\spring-boot-test-autoconfigure\2.3.1.RELEASE\spring-boot-test-autoconfigure-2.3.1.RELEASE.jar;C:\Users\benji\.m2\repository\com\jayway\jsonpath\json-path\2.4.0\json-path-2.4.0.jar;C:\Users\benji\.m2\repository\net\minidev\json-smart\2.3\json-smart-2.3.jar;C:\Users\benji\.m2\repository\net\minidev\accessors-smart\1.2\accessors-smart-1.2.jar;C:\Users\benji\.m2\repository\org\ow2\asm\asm\5.0.4\asm-5.0.4.jar;C:\Users\benji\.m2\repository\jakarta\xml\bind\jakarta.xml.bind-api\2.3.3\jakarta.xml.bind-api-2.3.3.jar;C:\Users\benji\.m2\repository\jakarta\activation\jakarta.activation-api\1.2.2\jakarta.activation-api-1.2.2.jar;C:\Users\benji\.m2\repository\org\assertj\assertj-core\3.16.1\assertj-core-3.16.1.jar;C:\Users\benji\.m2\repository\org\hamcrest\hamcrest\2.2\hamcrest-2.2.jar;C:\Users\benji\.m2\repository\org\junit\jupiter\junit-jupiter\5.6.2\junit-jupiter-5.6.2.jar;C:\Users\benji\.m2\repository\org\junit\jupiter\junit-jupiter-api\5.6.2\junit-jupiter-api-5.6.2.jar;C:\Users\benji\.m2\repository\org\opentest4j\opentest4j\1.2.0\opentest4j-1.2.0.jar;C:\Users\benji\.m2\repository\org\junit\platform\junit-platform-commons\1.6.2\junit-platform-commons-1.6.2.jar;C:\Users\benji\.m2\repository\org\junit\jupiter\junit-jupiter-params\5.6.2\junit-jupiter-params-5.6.2.jar;C:\Users\benji\.m2\repository\org\junit\jupiter\junit-jupiter-engine\5.6.2\junit-jupiter-engine-5.6.2.jar;C:\Users\benji\.m2\repository\org\junit\vintage\junit-vintage-engine\5.6.2\junit-vintage-engine-5.6.2.jar;C:\Users\benji\.m2\repository\org\apiguardian\apiguardian-api\1.1.0\apiguardian-api-1.1.0.jar;C:\Users\benji\.m2\repository\org\junit\platform\junit-platform-engine\1.6.2\junit-platform-engine-1.6.2.jar;C:\Users\benji\.m2\repository\junit\junit\4.13\junit-4.13.jar;C:\Users\benji\.m2\repository\org\mockito\mockito-core\3.3.3\mockito-core-3.3.3.jar;C:\Users\benji\.m2\repository\net\bytebuddy\byte-buddy\1.10.11\byte-buddy-1.10.11.jar;C:\Users\benji\.m2\repository\net\bytebuddy\byte-buddy-agent\1.10.11\byte-buddy-agent-1.10.11.jar;C:\Users\benji\.m2\repository\org\objenesis\objenesis\2.6\objenesis-2.6.jar;C:\Users\benji\.m2\repository\org\mockito\mockito-junit-jupiter\3.3.3\mockito-junit-jupiter-3.3.3.jar;C:\Users\benji\.m2\repository\org\skyscreamer\jsonassert\1.5.0\jsonassert-1.5.0.jar;C:\Users\benji\.m2\repository\com\vaadin\external\google\android-json\0.0.20131108.vaadin1\android-json-0.0.20131108.vaadin1.jar;C:\Users\benji\.m2\repository\org\springframework\spring-test\5.2.7.RELEASE\spring-test-5.2.7.RELEASE.jar;C:\Users\benji\.m2\repository\org\xmlunit\xmlunit-core\2.7.0\xmlunit-core-2.7.0.jar;C:\Users\benji\.m2\repository\io\rest-assured\rest-assured\3.3.0\rest-assured-3.3.0.jar;C:\Users\benji\.m2\repository\org\codehaus\groovy\groovy\2.5.12\groovy-2.5.12.jar;C:\Users\benji\.m2\repository\org\codehaus\groovy\groovy-xml\2.5.12\groovy-xml-2.5.12.jar;C:\Users\benji\.m2\repository\org\apache\httpcomponents\httpclient\4.5.12\httpclient-4.5.12.jar;C:\Users\benji\.m2\repository\org\apache\httpcomponents\httpcore\4.4.13\httpcore-4.4.13.jar;C:\Users\benji\.m2\repository\commons-codec\commons-codec\1.14\commons-codec-1.14.jar;C:\Users\benji\.m2\repository\org\apache\httpcomponents\httpmime\4.5.12\httpmime-4.5.12.jar;C:\Users\benji\.m2\repository\org\hamcrest\hamcrest-core\2.2\hamcrest-core-2.2.jar;C:\Users\benji\.m2\repository\org\hamcrest\hamcrest-library\2.2\hamcrest-library-2.2.jar;C:\Users\benji\.m2\repository\org\ccil\cowan\tagsoup\tagsoup\1.2.1\tagsoup-1.2.1.jar;C:\Users\benji\.m2\repository\io\rest-assured\json-path\3.3.0\json-path-3.3.0.jar;C:\Users\benji\.m2\repository\org\codehaus\groovy\groovy-json\2.5.12\groovy-json-2.5.12.jar;C:\Users\benji\.m2\repository\io\rest-assured\rest-assured-common\3.3.0\rest-assured-common-3.3.0.jar;C:\Users\benji\.m2\repository\io\rest-assured\xml-path\3.3.0\xml-path-3.3.0.jar;C:\Users\benji\.m2\repository\org\apache\commons\commons-lang3\3.10\commons-lang3-3.10.jar;C:\Users\benji\.m2\repository\com\sun\xml\bind\jaxb-osgi\2.2.10\jaxb-osgi-2.2.10.jar;C:\Users\benji\.m2\repository\org\apache\sling\org.apache.sling.javax.activation\0.1.0\org.apache.sling.javax.activation-0.1.0.jar;C:\Users\benji\.m2\repository\javax\activation\activation\1.1.1\activation-1.1.1.jar;C:\Users\benji\.m2\repository\org\kie\kogito\kogito-scenario-simulation\1.3.0.Final\kogito-scenario-simulation-1.3.0.Final.jar;C:\Users\benji\.m2\repository\org\kie\kogito\drools-core-dynamic\1.3.0.Final\drools-core-dynamic-1.3.0.Final.jar;C:\Users\benji\.m2\repository\org\drools\drools-core-dynamic\7.50.0.Final\drools-core-dynamic-7.50.0.Final.jar;C:\Users\benji\.m2\repository\org\drools\drools-scenario-simulation-api\7.50.0.Final\drools-scenario-simulation-api-7.50.0.Final.jar;C:\Users\benji\.m2\repository\com\thoughtworks\xstream\xstream\1.4.15\xstream-1.4.15.jar;C:\Users\benji\.m2\repository\xmlpull\xmlpull\1.1.3.1\xmlpull-1.1.3.1.jar;C:\Users\benji\.m2\repository\xpp3\xpp3_min\1.1.4c\xpp3_min-1.1.4c.jar;C:\Users\benji\.m2\repository\org\drools\drools-scenario-simulation-backend\7.50.0.Final\drools-scenario-simulation-backend-7.50.0.Final.jar;"/>
    <property name="java.vm.vendor" value="Oracle Corporation"/>
    <property name="sun.arch.data.model" value="64"/>
    <property name="user.variant" value=""/>
    <property name="java.vendor.url" value="https://openjdk.java.net/"/>
    <property name="user.timezone" value="America/Phoenix"/>
    <property name="java.vm.specification.version" value="11"/>
    <property name="os.name" value="Windows 10"/>
    <property name="sun.java.launcher" value="SUN_STANDARD"/>
    <property name="user.country" value="US"/>
    <property name="sun.boot.library.path" value="C:\Program Files\Java\jdk-11.0.10\bin"/>
    <property name="sun.java.command" value="C:\Users\benji\AppData\Local\Temp\surefire509368602329939093\surefirebooter15023813044808507802.jar C:\Users\benji\AppData\Local\Temp\surefire509368602329939093 2021-03-18T14-28-17_925-jvmRun1 surefire4371965258408585302tmp surefire_016177206124994589116tmp"/>
    <property name="jdk.debug" value="release"/>
    <property name="surefire.test.class.path" value="C:\Repos\sample-kogito\target\test-classes;C:\Repos\sample-kogito\target\classes;C:\Users\benji\.m2\repository\org\springframework\boot\spring-boot-starter\2.3.1.RELEASE\spring-boot-starter-2.3.1.RELEASE.jar;C:\Users\benji\.m2\repository\org\springframework\boot\spring-boot\2.3.1.RELEASE\spring-boot-2.3.1.RELEASE.jar;C:\Users\benji\.m2\repository\org\springframework\spring-context\5.2.7.RELEASE\spring-context-5.2.7.RELEASE.jar;C:\Users\benji\.m2\repository\org\springframework\spring-aop\5.2.7.RELEASE\spring-aop-5.2.7.RELEASE.jar;C:\Users\benji\.m2\repository\org\springframework\spring-beans\5.2.7.RELEASE\spring-beans-5.2.7.RELEASE.jar;C:\Users\benji\.m2\repository\org\springframework\spring-expression\5.2.7.RELEASE\spring-expression-5.2.7.RELEASE.jar;C:\Users\benji\.m2\repository\org\springframework\boot\spring-boot-autoconfigure\2.3.1.RELEASE\spring-boot-autoconfigure-2.3.1.RELEASE.jar;C:\Users\benji\.m2\repository\org\springframework\boot\spring-boot-starter-logging\2.3.1.RELEASE\spring-boot-starter-logging-2.3.1.RELEASE.jar;C:\Users\benji\.m2\repository\ch\qos\logback\logback-classic\1.2.3\logback-classic-1.2.3.jar;C:\Users\benji\.m2\repository\ch\qos\logback\logback-core\1.2.3\logback-core-1.2.3.jar;C:\Users\benji\.m2\repository\org\apache\logging\log4j\log4j-to-slf4j\2.13.3\log4j-to-slf4j-2.13.3.jar;C:\Users\benji\.m2\repository\org\apache\logging\log4j\log4j-api\2.13.3\log4j-api-2.13.3.jar;C:\Users\benji\.m2\repository\org\slf4j\jul-to-slf4j\1.7.30\jul-to-slf4j-1.7.30.jar;C:\Users\benji\.m2\repository\jakarta\annotation\jakarta.annotation-api\1.3.5\jakarta.annotation-api-1.3.5.jar;C:\Users\benji\.m2\repository\org\springframework\spring-core\5.2.7.RELEASE\spring-core-5.2.7.RELEASE.jar;C:\Users\benji\.m2\repository\org\springframework\spring-jcl\5.2.7.RELEASE\spring-jcl-5.2.7.RELEASE.jar;C:\Users\benji\.m2\repository\org\yaml\snakeyaml\1.26\snakeyaml-1.26.jar;C:\Users\benji\.m2\repository\org\kie\kogito\kogito-springboot-starter\1.3.0.Final\kogito-springboot-starter-1.3.0.Final.jar;C:\Users\benji\.m2\repository\org\springframework\boot\spring-boot-starter-web\2.3.1.RELEASE\spring-boot-starter-web-2.3.1.RELEASE.jar;C:\Users\benji\.m2\repository\org\springframework\boot\spring-boot-starter-json\2.3.1.RELEASE\spring-boot-starter-json-2.3.1.RELEASE.jar;C:\Users\benji\.m2\repository\com\fasterxml\jackson\datatype\jackson-datatype-jdk8\2.11.0\jackson-datatype-jdk8-2.11.0.jar;C:\Users\benji\.m2\repository\com\fasterxml\jackson\datatype\jackson-datatype-jsr310\2.11.0\jackson-datatype-jsr310-2.11.0.jar;C:\Users\benji\.m2\repository\com\fasterxml\jackson\module\jackson-module-parameter-names\2.11.0\jackson-module-parameter-names-2.11.0.jar;C:\Users\benji\.m2\repository\org\springframework\boot\spring-boot-starter-tomcat\2.3.1.RELEASE\spring-boot-starter-tomcat-2.3.1.RELEASE.jar;C:\Users\benji\.m2\repository\org\apache\tomcat\embed\tomcat-embed-core\9.0.36\tomcat-embed-core-9.0.36.jar;C:\Users\benji\.m2\repository\org\glassfish\jakarta.el\3.0.3\jakarta.el-3.0.3.jar;C:\Users\benji\.m2\repository\org\apache\tomcat\embed\tomcat-embed-websocket\9.0.36\tomcat-embed-websocket-9.0.36.jar;C:\Users\benji\.m2\repository\org\springframework\spring-web\5.2.7.RELEASE\spring-web-5.2.7.RELEASE.jar;C:\Users\benji\.m2\repository\org\springframework\spring-webmvc\5.2.7.RELEASE\spring-webmvc-5.2.7.RELEASE.jar;C:\Users\benji\.m2\repository\org\kie\kogito\kogito-api\1.3.0.Final\kogito-api-1.3.0.Final.jar;C:\Users\benji\.m2\repository\org\slf4j\slf4j-api\1.7.30\slf4j-api-1.7.30.jar;C:\Users\benji\.m2\repository\com\fasterxml\jackson\core\jackson-annotations\2.11.0\jackson-annotations-2.11.0.jar;C:\Users\benji\.m2\repository\org\kie\kie-api\7.50.0.Final\kie-api-7.50.0.Final.jar;C:\Users\benji\.m2\repository\org\kie\soup\kie-soup-maven-support\7.50.0.Final\kie-soup-maven-support-7.50.0.Final.jar;C:\Users\benji\.m2\repository\org\kie\kie-dmn-api\7.50.0.Final\kie-dmn-api-7.50.0.Final.jar;C:\Users\benji\.m2\repository\org\kie\kie-dmn-model\7.50.0.Final\kie-dmn-model-7.50.0.Final.jar;C:\Users\benji\.m2\repository\org\kie\kogito\kogito-timer\1.3.0.Final\kogito-timer-1.3.0.Final.jar;C:\Users\benji\.m2\repository\org\kie\kie-pmml-evaluator-api\7.50.0.Final\kie-pmml-evaluator-api-7.50.0.Final.jar;C:\Users\benji\.m2\repository\org\kie\kie-pmml-api\7.50.0.Final\kie-pmml-api-7.50.0.Final.jar;C:\Users\benji\.m2\repository\org\kie\kie-pmml-commons\7.50.0.Final\kie-pmml-commons-7.50.0.Final.jar;C:\Users\benji\.m2\repository\org\kie\kogito\kogito-drools\1.3.0.Final\kogito-drools-1.3.0.Final.jar;C:\Users\benji\.m2\repository\org\kie\kogito\drools-core\1.3.0.Final\drools-core-1.3.0.Final.jar;C:\Users\benji\.m2\repository\org\drools\drools-core\7.50.0.Final\drools-core-7.50.0.Final.jar;C:\Users\benji\.m2\repository\org\kie\soup\kie-soup-xstream\7.50.0.Final\kie-soup-xstream-7.50.0.Final.jar;C:\Users\benji\.m2\repository\org\kie\kogito\drools-compiler\1.3.0.Final\drools-compiler-1.3.0.Final.jar;C:\Users\benji\.m2\repository\org\drools\drools-compiler\7.50.0.Final\drools-compiler-7.50.0.Final.jar;C:\Users\benji\.m2\repository\org\drools\drools-ecj\7.50.0.Final\drools-ecj-7.50.0.Final.jar;C:\Users\benji\.m2\repository\org\antlr\antlr-runtime\3.5.2\antlr-runtime-3.5.2.jar;C:\Users\benji\.m2\repository\org\kie\kogito\drools-core-static\1.3.0.Final\drools-core-static-1.3.0.Final.jar;C:\Users\benji\.m2\repository\org\drools\drools-core-reflective\7.50.0.Final\drools-core-reflective-7.50.0.Final.jar;C:\Users\benji\.m2\repository\org\kie\kogito\kogito-ruleunits\1.3.0.Final\kogito-ruleunits-1.3.0.Final.jar;C:\Users\benji\.m2\repository\org\kie\kogito\kogito-drools-model\1.3.0.Final\kogito-drools-model-1.3.0.Final.jar;C:\Users\benji\.m2\repository\org\drools\drools-model-compiler\7.50.0.Final\drools-model-compiler-7.50.0.Final.jar;C:\Users\benji\.m2\repository\org\drools\drools-canonical-model\7.50.0.Final\drools-canonical-model-7.50.0.Final.jar;C:\Users\benji\.m2\repository\org\drools\drools-mvel-parser\7.50.0.Final\drools-mvel-parser-7.50.0.Final.jar;C:\Users\benji\.m2\repository\org\drools\drools-mvel-compiler\7.50.0.Final\drools-mvel-compiler-7.50.0.Final.jar;C:\Users\benji\.m2\repository\org\kie\kogito\jbpm-flow\1.3.0.Final\jbpm-flow-1.3.0.Final.jar;C:\Users\benji\.m2\repository\org\kie\kogito\kogito-events-api\1.3.0.Final\kogito-events-api-1.3.0.Final.jar;C:\Users\benji\.m2\repository\org\reactivestreams\reactive-streams\1.0.3\reactive-streams-1.0.3.jar;C:\Users\benji\.m2\repository\org\kie\kogito\kogito-internal\1.3.0.Final\kogito-internal-1.3.0.Final.jar;C:\Users\benji\.m2\repository\org\kie\kie-internal\7.50.0.Final\kie-internal-7.50.0.Final.jar;C:\Users\benji\.m2\repository\org\kie\kogito\kogito-services\1.3.0.Final\kogito-services-1.3.0.Final.jar;C:\Users\benji\.m2\repository\org\kie\kogito\process-workitems\1.3.0.Final\process-workitems-1.3.0.Final.jar;C:\Users\benji\.m2\repository\org\drools\drools-mvel\7.50.0.Final\drools-mvel-7.50.0.Final.jar;C:\Users\benji\.m2\repository\org\kie\soup\kie-soup-project-datamodel-commons\7.50.0.Final\kie-soup-project-datamodel-commons-7.50.0.Final.jar;C:\Users\benji\.m2\repository\org\kie\soup\kie-soup-commons\7.50.0.Final\kie-soup-commons-7.50.0.Final.jar;C:\Users\benji\.m2\repository\org\kie\soup\kie-soup-project-datamodel-api\7.50.0.Final\kie-soup-project-datamodel-api-7.50.0.Final.jar;C:\Users\benji\.m2\repository\org\mvel\mvel2\2.4.12.Final\mvel2-2.4.12.Final.jar;C:\Users\benji\.m2\repository\org\kie\kogito\kogito-dmn\1.3.0.Final\kogito-dmn-1.3.0.Final.jar;C:\Users\benji\.m2\repository\com\fasterxml\jackson\core\jackson-databind\2.11.0\jackson-databind-2.11.0.jar;C:\Users\benji\.m2\repository\org\kie\kie-dmn-core\7.50.0.Final\kie-dmn-core-7.50.0.Final.jar;C:\Users\benji\.m2\repository\org\kie\kie-dmn-backend\7.50.0.Final\kie-dmn-backend-7.50.0.Final.jar;C:\Users\benji\.m2\repository\org\kie\kie-dmn-feel\7.50.0.Final\kie-dmn-feel-7.50.0.Final.jar;C:\Users\benji\.m2\repository\ch\obermuhlner\big-math\2.0.1\big-math-2.0.1.jar;C:\Users\benji\.m2\repository\org\kie\kie-memory-compiler\7.50.0.Final\kie-memory-compiler-7.50.0.Final.jar;C:\Users\benji\.m2\repository\com\github\javaparser\javaparser-core\3.13.10\javaparser-core-3.13.10.jar;C:\Users\benji\.m2\repository\org\drools\drools-alphanetwork-compiler\7.50.0.Final\drools-alphanetwork-compiler-7.50.0.Final.jar;C:\Users\benji\.m2\repository\org\antlr\antlr4-runtime\4.8\antlr4-runtime-4.8.jar;C:\Users\benji\.m2\repository\org\jpmml\pmml-model\1.5.1\pmml-model-1.5.1.jar;C:\Users\benji\.m2\repository\org\jpmml\pmml-agent\1.5.1\pmml-agent-1.5.1.jar;C:\Users\benji\.m2\repository\org\kie\kie-dmn-validation\7.50.0.Final\kie-dmn-validation-7.50.0.Final.jar;C:\Users\benji\.m2\repository\org\kie\kogito\kogito-pmml\1.3.0.Final\kogito-pmml-1.3.0.Final.jar;C:\Users\benji\.m2\repository\org\kie\kie-pmml-dependencies\7.50.0.Final\kie-pmml-dependencies-7.50.0.Final.jar;C:\Users\benji\.m2\repository\org\kie\kie-pmml-compiler-api\7.50.0.Final\kie-pmml-compiler-api-7.50.0.Final.jar;C:\Users\benji\.m2\repository\org\glassfish\jaxb\jaxb-runtime\2.3.3\jaxb-runtime-2.3.3.jar;C:\Users\benji\.m2\repository\org\glassfish\jaxb\txw2\2.3.3\txw2-2.3.3.jar;C:\Users\benji\.m2\repository\com\sun\istack\istack-commons-runtime\3.0.11\istack-commons-runtime-3.0.11.jar;C:\Users\benji\.m2\repository\com\sun\activation\jakarta.activation\1.2.2\jakarta.activation-1.2.2.jar;C:\Users\benji\.m2\repository\org\kie\kie-pmml-compiler-core\7.50.0.Final\kie-pmml-compiler-core-7.50.0.Final.jar;C:\Users\benji\.m2\repository\org\kie\kie-pmml-compiler-commons\7.50.0.Final\kie-pmml-compiler-commons-7.50.0.Final.jar;C:\Users\benji\.m2\repository\org\kie\kie-pmml-evaluator-core\7.50.0.Final\kie-pmml-evaluator-core-7.50.0.Final.jar;C:\Users\benji\.m2\repository\org\kie\kie-pmml-evaluator-assembler\7.50.0.Final\kie-pmml-evaluator-assembler-7.50.0.Final.jar;C:\Users\benji\.m2\repository\commons-io\commons-io\2.6\commons-io-2.6.jar;C:\Users\benji\.m2\repository\org\kie\kie-pmml-kie-internal\7.50.0.Final\kie-pmml-kie-internal-7.50.0.Final.jar;C:\Users\benji\.m2\repository\org\kie\kie-pmml-models-drools-common\7.50.0.Final\kie-pmml-models-drools-common-7.50.0.Final.jar;C:\Users\benji\.m2\repository\org\kie\kie-pmml-models-regression-model\7.50.0.Final\kie-pmml-models-regression-model-7.50.0.Final.jar;C:\Users\benji\.m2\repository\org\kie\kie-pmml-models-regression-compiler\7.50.0.Final\kie-pmml-models-regression-compiler-7.50.0.Final.jar;C:\Users\benji\.m2\repository\org\kie\kie-pmml-models-regression-evaluator\7.50.0.Final\kie-pmml-models-regression-evaluator-7.50.0.Final.jar;C:\Users\benji\.m2\repository\org\apache\commons\commons-math3\3.4.1\commons-math3-3.4.1.jar;C:\Users\benji\.m2\repository\org\kie\kie-pmml-models-drools-tree-model\7.50.0.Final\kie-pmml-models-drools-tree-model-7.50.0.Final.jar;C:\Users\benji\.m2\repository\org\kie\kie-pmml-models-drools-tree-compiler\7.50.0.Final\kie-pmml-models-drools-tree-compiler-7.50.0.Final.jar;C:\Users\benji\.m2\repository\org\kie\kie-pmml-models-drools-tree-evaluator\7.50.0.Final\kie-pmml-models-drools-tree-evaluator-7.50.0.Final.jar;C:\Users\benji\.m2\repository\org\kie\kie-pmml-compiler-api\7.50.0.Final\kie-pmml-compiler-api-7.50.0.Final-tests.jar;C:\Users\benji\.m2\repository\org\kie\kie-pmml-models-drools-scorecard-model\7.50.0.Final\kie-pmml-models-drools-scorecard-model-7.50.0.Final.jar;C:\Users\benji\.m2\repository\org\kie\kie-pmml-models-drools-scorecard-compiler\7.50.0.Final\kie-pmml-models-drools-scorecard-compiler-7.50.0.Final.jar;C:\Users\benji\.m2\repository\org\kie\kie-pmml-models-drools-scorecard-evaluator\7.50.0.Final\kie-pmml-models-drools-scorecard-evaluator-7.50.0.Final.jar;C:\Users\benji\.m2\repository\org\kie\kie-pmml-models-mining-model\7.50.0.Final\kie-pmml-models-mining-model-7.50.0.Final.jar;C:\Users\benji\.m2\repository\org\kie\kie-pmml-models-mining-compiler\7.50.0.Final\kie-pmml-models-mining-compiler-7.50.0.Final.jar;C:\Users\benji\.m2\repository\org\kie\kie-pmml-models-mining-evaluator\7.50.0.Final\kie-pmml-models-mining-evaluator-7.50.0.Final.jar;C:\Users\benji\.m2\repository\javax\xml\bind\jaxb-api\2.3.1\jaxb-api-2.3.1.jar;C:\Users\benji\.m2\repository\javax\activation\javax.activation-api\1.2.0\javax.activation-api-1.2.0.jar;C:\Users\benji\.m2\repository\com\sun\activation\javax.activation\1.2.0\javax.activation-1.2.0.jar;C:\Users\benji\.m2\repository\io\swagger\core\v3\swagger-annotations\2.0.6\swagger-annotations-2.0.6.jar;C:\Users\benji\.m2\repository\org\springdoc\springdoc-openapi-ui\1.5.2\springdoc-openapi-ui-1.5.2.jar;C:\Users\benji\.m2\repository\org\springdoc\springdoc-openapi-webmvc-core\1.5.2\springdoc-openapi-webmvc-core-1.5.2.jar;C:\Users\benji\.m2\repository\org\springdoc\springdoc-openapi-common\1.5.2\springdoc-openapi-common-1.5.2.jar;C:\Users\benji\.m2\repository\io\swagger\core\v3\swagger-models\2.1.6\swagger-models-2.1.6.jar;C:\Users\benji\.m2\repository\io\swagger\core\v3\swagger-integration\2.1.6\swagger-integration-2.1.6.jar;C:\Users\benji\.m2\repository\io\swagger\core\v3\swagger-core\2.1.6\swagger-core-2.1.6.jar;C:\Users\benji\.m2\repository\com\fasterxml\jackson\dataformat\jackson-dataformat-yaml\2.11.0\jackson-dataformat-yaml-2.11.0.jar;C:\Users\benji\.m2\repository\jakarta\validation\jakarta.validation-api\2.0.2\jakarta.validation-api-2.0.2.jar;C:\Users\benji\.m2\repository\io\github\classgraph\classgraph\4.8.69\classgraph-4.8.69.jar;C:\Users\benji\.m2\repository\org\webjars\swagger-ui\3.38.0\swagger-ui-3.38.0.jar;C:\Users\benji\.m2\repository\org\webjars\webjars-locator-core\0.45\webjars-locator-core-0.45.jar;C:\Users\benji\.m2\repository\com\fasterxml\jackson\core\jackson-core\2.11.0\jackson-core-2.11.0.jar;C:\Users\benji\.m2\repository\org\springframework\boot\spring-boot-starter-test\2.3.1.RELEASE\spring-boot-starter-test-2.3.1.RELEASE.jar;C:\Users\benji\.m2\repository\org\springframework\boot\spring-boot-test\2.3.1.RELEASE\spring-boot-test-2.3.1.RELEASE.jar;C:\Users\benji\.m2\repository\org\springframework\boot\spring-boot-test-autoconfigure\2.3.1.RELEASE\spring-boot-test-autoconfigure-2.3.1.RELEASE.jar;C:\Users\benji\.m2\repository\com\jayway\jsonpath\json-path\2.4.0\json-path-2.4.0.jar;C:\Users\benji\.m2\repository\net\minidev\json-smart\2.3\json-smart-2.3.jar;C:\Users\benji\.m2\repository\net\minidev\accessors-smart\1.2\accessors-smart-1.2.jar;C:\Users\benji\.m2\repository\org\ow2\asm\asm\5.0.4\asm-5.0.4.jar;C:\Users\benji\.m2\repository\jakarta\xml\bind\jakarta.xml.bind-api\2.3.3\jakarta.xml.bind-api-2.3.3.jar;C:\Users\benji\.m2\repository\jakarta\activation\jakarta.activation-api\1.2.2\jakarta.activation-api-1.2.2.jar;C:\Users\benji\.m2\repository\org\assertj\assertj-core\3.16.1\assertj-core-3.16.1.jar;C:\Users\benji\.m2\repository\org\hamcrest\hamcrest\2.2\hamcrest-2.2.jar;C:\Users\benji\.m2\repository\org\junit\jupiter\junit-jupiter\5.6.2\junit-jupiter-5.6.2.jar;C:\Users\benji\.m2\repository\org\junit\jupiter\junit-jupiter-api\5.6.2\junit-jupiter-api-5.6.2.jar;C:\Users\benji\.m2\repository\org\opentest4j\opentest4j\1.2.0\opentest4j-1.2.0.jar;C:\Users\benji\.m2\repository\org\junit\platform\junit-platform-commons\1.6.2\junit-platform-commons-1.6.2.jar;C:\Users\benji\.m2\repository\org\junit\jupiter\junit-jupiter-params\5.6.2\junit-jupiter-params-5.6.2.jar;C:\Users\benji\.m2\repository\org\junit\jupiter\junit-jupiter-engine\5.6.2\junit-jupiter-engine-5.6.2.jar;C:\Users\benji\.m2\repository\org\junit\vintage\junit-vintage-engine\5.6.2\junit-vintage-engine-5.6.2.jar;C:\Users\benji\.m2\repository\org\apiguardian\apiguardian-api\1.1.0\apiguardian-api-1.1.0.jar;C:\Users\benji\.m2\repository\org\junit\platform\junit-platform-engine\1.6.2\junit-platform-engine-1.6.2.jar;C:\Users\benji\.m2\repository\junit\junit\4.13\junit-4.13.jar;C:\Users\benji\.m2\repository\org\mockito\mockito-core\3.3.3\mockito-core-3.3.3.jar;C:\Users\benji\.m2\repository\net\bytebuddy\byte-buddy\1.10.11\byte-buddy-1.10.11.jar;C:\Users\benji\.m2\repository\net\bytebuddy\byte-buddy-agent\1.10.11\byte-buddy-agent-1.10.11.jar;C:\Users\benji\.m2\repository\org\objenesis\objenesis\2.6\objenesis-2.6.jar;C:\Users\benji\.m2\repository\org\mockito\mockito-junit-jupiter\3.3.3\mockito-junit-jupiter-3.3.3.jar;C:\Users\benji\.m2\repository\org\skyscreamer\jsonassert\1.5.0\jsonassert-1.5.0.jar;C:\Users\benji\.m2\repository\com\vaadin\external\google\android-json\0.0.20131108.vaadin1\android-json-0.0.20131108.vaadin1.jar;C:\Users\benji\.m2\repository\org\springframework\spring-test\5.2.7.RELEASE\spring-test-5.2.7.RELEASE.jar;C:\Users\benji\.m2\repository\org\xmlunit\xmlunit-core\2.7.0\xmlunit-core-2.7.0.jar;C:\Users\benji\.m2\repository\io\rest-assured\rest-assured\3.3.0\rest-assured-3.3.0.jar;C:\Users\benji\.m2\repository\org\codehaus\groovy\groovy\2.5.12\groovy-2.5.12.jar;C:\Users\benji\.m2\repository\org\codehaus\groovy\groovy-xml\2.5.12\groovy-xml-2.5.12.jar;C:\Users\benji\.m2\repository\org\apache\httpcomponents\httpclient\4.5.12\httpclient-4.5.12.jar;C:\Users\benji\.m2\repository\org\apache\httpcomponents\httpcore\4.4.13\httpcore-4.4.13.jar;C:\Users\benji\.m2\repository\commons-codec\commons-codec\1.14\commons-codec-1.14.jar;C:\Users\benji\.m2\repository\org\apache\httpcomponents\httpmime\4.5.12\httpmime-4.5.12.jar;C:\Users\benji\.m2\repository\org\hamcrest\hamcrest-core\2.2\hamcrest-core-2.2.jar;C:\Users\benji\.m2\repository\org\hamcrest\hamcrest-library\2.2\hamcrest-library-2.2.jar;C:\Users\benji\.m2\repository\org\ccil\cowan\tagsoup\tagsoup\1.2.1\tagsoup-1.2.1.jar;C:\Users\benji\.m2\repository\io\rest-assured\json-path\3.3.0\json-path-3.3.0.jar;C:\Users\benji\.m2\repository\org\codehaus\groovy\groovy-json\2.5.12\groovy-json-2.5.12.jar;C:\Users\benji\.m2\repository\io\rest-assured\rest-assured-common\3.3.0\rest-assured-common-3.3.0.jar;C:\Users\benji\.m2\repository\io\rest-assured\xml-path\3.3.0\xml-path-3.3.0.jar;C:\Users\benji\.m2\repository\org\apache\commons\commons-lang3\3.10\commons-lang3-3.10.jar;C:\Users\benji\.m2\repository\com\sun\xml\bind\jaxb-osgi\2.2.10\jaxb-osgi-2.2.10.jar;C:\Users\benji\.m2\repository\org\apache\sling\org.apache.sling.javax.activation\0.1.0\org.apache.sling.javax.activation-0.1.0.jar;C:\Users\benji\.m2\repository\javax\activation\activation\1.1.1\activation-1.1.1.jar;C:\Users\benji\.m2\repository\org\kie\kogito\kogito-scenario-simulation\1.3.0.Final\kogito-scenario-simulation-1.3.0.Final.jar;C:\Users\benji\.m2\repository\org\kie\kogito\drools-core-dynamic\1.3.0.Final\drools-core-dynamic-1.3.0.Final.jar;C:\Users\benji\.m2\repository\org\drools\drools-core-dynamic\7.50.0.Final\drools-core-dynamic-7.50.0.Final.jar;C:\Users\benji\.m2\repository\org\drools\drools-scenario-simulation-api\7.50.0.Final\drools-scenario-simulation-api-7.50.0.Final.jar;C:\Users\benji\.m2\repository\com\thoughtworks\xstream\xstream\1.4.15\xstream-1.4.15.jar;C:\Users\benji\.m2\repository\xmlpull\xmlpull\1.1.3.1\xmlpull-1.1.3.1.jar;C:\Users\benji\.m2\repository\xpp3\xpp3_min\1.1.4c\xpp3_min-1.1.4c.jar;C:\Users\benji\.m2\repository\org\drools\drools-scenario-simulation-backend\7.50.0.Final\drools-scenario-simulation-backend-7.50.0.Final.jar;"/>
    <property name="sun.cpu.endian" value="little"/>
    <property name="user.home" value="C:\Users\benji"/>
    <property name="user.language" value="en"/>
    <property name="java.specification.vendor" value="Oracle Corporation"/>
    <property name="java.version.date" value="2021-01-19"/>
    <property name="java.home" value="C:\Program Files\Java\jdk-11.0.10"/>
    <property name="file.separator" value="\"/>
    <property name="basedir" value="C:\Repos\sample-kogito"/>
    <property name="java.vm.compressedOopsMode" value="Zero based"/>
    <property name="line.separator" value="&#10;"/>
    <property name="java.specification.name" value="Java Platform API Specification"/>
    <property name="java.vm.specification.vendor" value="Oracle Corporation"/>
    <property name="java.awt.graphicsenv" value="sun.awt.Win32GraphicsEnvironment"/>
    <property name="surefire.real.class.path" value="C:\Users\benji\AppData\Local\Temp\surefire509368602329939093\surefirebooter15023813044808507802.jar"/>
    <property name="user.script" value=""/>
    <property name="sun.management.compiler" value="HotSpot 64-Bit Tiered Compilers"/>
    <property name="java.runtime.version" value="11.0.10+8-LTS-162"/>
    <property name="user.name" value="benji"/>
    <property name="path.separator" value=";"/>
    <property name="os.version" value="10.0"/>
    <property name="java.runtime.name" value="Java(TM) SE Runtime Environment"/>
    <property name="file.encoding" value="Cp1252"/>
    <property name="java.vm.name" value="Java HotSpot(TM) 64-Bit Server VM"/>
    <property name="java.vendor.version" value="18.9"/>
    <property name="localRepository" value="C:\Users\benji\.m2\repository"/>
    <property name="java.vendor.url.bug" value="https://bugreport.java.com/bugreport/"/>
    <property name="java.io.tmpdir" value="C:\Users\benji\AppData\Local\Temp\"/>
    <property name="java.version" value="11.0.10"/>
    <property name="user.dir" value="C:\Repos\sample-kogito"/>
    <property name="os.arch" value="amd64"/>
    <property name="java.vm.specification.name" value="Java Virtual Machine Specification"/>
    <property name="java.awt.printerjob" value="sun.awt.windows.WPrinterJob"/>
    <property name="sun.os.patch.level" value=""/>
    <property name="java.library.path" value="C:\Program Files\Java\jdk-11.0.10\bin;C:\WINDOWS\Sun\Java\bin;C:\WINDOWS\system32;C:\WINDOWS;C:\Users\benji\bin;C:\Program Files\Git\mingw64\bin;C:\Program Files\Git\usr\local\bin;C:\Program Files\Git\usr\bin;C:\Program Files\Git\usr\bin;C:\Program Files\Git\mingw64\bin;C:\Program Files\Git\usr\bin;C:\Users\benji\bin;C:\Program Files\Common Files\Oracle\Java\javapath;C:\Program Files\AdoptOpenJDK\jdk-11.0.10.9-hotspot\bin;C:\Program Files (x86)\Common Files\Oracle\Java\javapath;C:\Windows\system32;C:\Windows;C:\Windows\System32\Wbem;C:\Windows\System32\WindowsPowerShell\v1.0;C:\Windows\System32\OpenSSH;C:\Program Files (x86)\NVIDIA Corporation\PhysX\Common;C:\Program Files\nodejs;C:\Program Files\dotnet;C:\Program Files\Microsoft SQL Server\130\Tools\Binn;C:\Program Files\Microsoft SQL Server\Client SDK\ODBC\170\Tools\Binn;C:\Program Files (x86)\Yarn\bin;C:\WINDOWS\system32;C:\WINDOWS;C:\WINDOWS\System32\Wbem;C:\WINDOWS\System32\WindowsPowerShell\v1.0;C:\WINDOWS\System32\OpenSSH;C:\Program Files\Docker\Docker\resources\bin;C:\ProgramData\DockerDesktop\version-bin;C:\Program Files\Git\cmd;C:\bin;C:\apache-maven-3.6.3\bin;C:\Program Files\RedHat\java-1.8.0-openjdk-1.8.0.282-1\bin;C:\Program Files\RedHat\java-1.8.0-openjdk-1.8.0.282-1\jre\bin;C:\Program Files (x86)\Common Files\Oracle\Java\javapath;C:\Windows\system32;C:\Windows;C:\Windows\System32\Wbem;C:\Windows\System32\WindowsPowerShell\v1.0;C:\Windows\System32\OpenSSH;C:\Program Files (x86)\NVIDIA Corporation\PhysX\Common;C:\Program Files\nodejs;C:\Program Files\dotnet;C:\Program Files\Microsoft SQL Server\130\Tools\Binn;C:\Program Files\Microsoft SQL Server\Client SDK\ODBC\170\Tools\Binn;C:\Program Files (x86)\Yarn\bin;C:\WINDOWS\system32;C:\WINDOWS;C:\WINDOWS\System32\Wbem;C:\WINDOWS\System32\WindowsPowerShell\v1.0;C:\WINDOWS\System32\OpenSSH;C:\Program Files\Docker\Docker\resources\bin;C:\ProgramData\DockerDesktop\version-bin;C:\Program Files\Git\cmd;C:\Users\benji\AppData\Local\Microsoft\WindowsApps;C:\Users\benji\AppData\Roaming\npm;C:\Users\benji\.dotnet\tools;C:\Users\benji\AppData\Local\Programs\Microsoft VS Code\bin;C:\Users\benji\AppData\Local\Yarn\bin;C:\bin;C:\apache-maven-3.6.3\bin;C:\Program Files\Git\usr\bin\vendor_perl;C:\Program Files\Git\usr\bin\core_perl;."/>
    <property name="java.vendor" value="Oracle Corporation"/>
    <property name="java.vm.info" value="mixed mode"/>
    <property name="java.vm.version" value="11.0.10+8-LTS-162"/>
    <property name="sun.io.unicode.encoding" value="UnicodeLittle"/>
    <property name="java.class.version" value="55.0"/>
  </properties>
  <testcase name="#1: Low credit does not get approved" classname="testscenario.KogitoScenarioJunitActivatorTest" time="0.092"/>
  <testcase name="#2: Good credit does get approved" classname="testscenario.KogitoScenarioJunitActivatorTest" time="0.054"/>
</testsuite>